<?xml version="1.0" encoding="UTF-8"?>
<!-- Generated by org.testng.reporters.JUnitReportReporter -->
<testsuite hostname="DESKTOP-CMM1842" failures="0" tests="1" name="runner.SignUpDataTableRunner" time="0.206" errors="0" timestamp="2024-07-28T23:15:31 IST" skipped="0">
  <testcase classname="runner.SignUpDataTableRunner" name="runScenario" time="0.206"/>
  <system-out/>
</testsuite> <!-- runner.SignUpDataTableRunner -->
