<?xml version="1.0" encoding="UTF-8"?>
<!-- Generated by org.testng.reporters.JUnitReportReporter -->
<testsuite hostname="DESKTOP-CMM1842" failures="0" tests="3" name="runner.BackgroundWithScenarioOutlineRunner" time="0.396" errors="0" timestamp="2024-08-04T12:38:06 IST" skipped="0">
  <testcase classname="runner.BackgroundWithScenarioOutlineRunner" name="runScenario" time="0.068"/>
  <system-out/>
  <testcase classname="runner.BackgroundWithScenarioOutlineRunner" name="runScenario" time="0.071"/>
  <system-out/>
  <testcase classname="runner.BackgroundWithScenarioOutlineRunner" name="runScenario" time="0.257"/>
  <system-out/>
</testsuite> <!-- runner.BackgroundWithScenarioOutlineRunner -->
