<?xml version="1.0" encoding="UTF-8"?>
<!-- Generated by org.testng.reporters.JUnitReportReporter -->
<testsuite hostname="DESKTOP-CMM1842" failures="0" tests="3" name="runner.ProfilePictureRunner" time="0.503" errors="0" timestamp="2024-08-04T16:09:43 IST" skipped="0">
  <testcase classname="runner.ProfilePictureRunner" name="runScenario" time="0.094"/>
  <system-out/>
  <testcase classname="runner.ProfilePictureRunner" name="runScenario" time="0.356"/>
  <system-out/>
  <testcase classname="runner.ProfilePictureRunner" name="runScenario" time="0.053"/>
  <system-out/>
</testsuite> <!-- runner.ProfilePictureRunner -->
