<?xml version="1.0" encoding="UTF-8"?>
<!-- Generated by org.testng.reporters.JUnitReportReporter -->
<testsuite hostname="DESKTOP-CMM1842" failures="0" tests="2" name="runner.LoginRunner" time="0.355" errors="0" timestamp="2024-06-26T23:56:28 IST" skipped="0">
  <testcase classname="runner.LoginRunner" name="runScenario" time="0.313"/>
  <system-out/>
  <testcase classname="runner.LoginRunner" name="runScenario" time="0.042"/>
  <system-out/>
</testsuite> <!-- runner.LoginRunner -->
