<?xml version="1.0" encoding="UTF-8"?>
<!-- Generated by org.testng.reporters.JUnitReportReporter -->
<testsuite hostname="DESKTOP-CMM1842" failures="0" tests="3" name="runner.OrdersRunner" time="0.312" errors="0" timestamp="2024-07-27T23:52:53 IST" skipped="0">
  <testcase classname="runner.OrdersRunner" name="runScenario" time="0.039"/>
  <system-out/>
  <testcase classname="runner.OrdersRunner" name="runScenario" time="0.045"/>
  <system-out/>
  <testcase classname="runner.OrdersRunner" name="runScenario" time="0.228"/>
  <system-out/>
</testsuite> <!-- runner.OrdersRunner -->
