<?xml version="1.0" encoding="UTF-8"?>
<!-- Generated by org.testng.reporters.JUnitReportReporter -->
<testsuite hostname="DESKTOP-CMM1842" failures="0" tests="1" name="runner.LoginWithDataRunner" time="0.199" errors="0" timestamp="2024-06-22T00:16:26 IST" skipped="0">
  <testcase classname="runner.LoginWithDataRunner" name="runScenario" time="0.199"/>
  <system-out/>
</testsuite> <!-- runner.LoginWithDataRunner -->
