<?xml version="1.0" encoding="UTF-8"?>
<!-- Generated by org.testng.reporters.JUnitReportReporter -->
<testsuite hostname="DESKTOP-CMM1842" failures="0" tests="1" name="runner.CampaignTagStatusRunner" time="0.354" errors="0" timestamp="2024-08-04T16:56:26 IST" skipped="0">
  <testcase classname="runner.CampaignTagStatusRunner" name="runScenario" time="0.354"/>
  <system-out/>
</testsuite> <!-- runner.CampaignTagStatusRunner -->
